Build started 5/30/2015 11:14:04 AM.
     1>Project "C:\Users\CodeSmith\documents\visual studio 2013\Projects\TEXT_RPG\TEXT_RPG\TEXT_RPG.vcxproj" on node 2 (Build target(s)).
     1>ClCompile:
         C:\Program Files (x86)\Microsoft Visual Studio 12.0\VC\bin\CL.exe /c /ZI /nologo /W3 /WX- /sdl /Od /Oy- /D WIN32 /D _DEBUG /D _CONSOLE /D _LIB /D _UNICODE /D UNICODE /Gm /EHsc /RTC1 /MDd /GS /fp:precise /Zc:wchar_t /Zc:forScope /Fo"Debug\\" /Fd"Debug\vc120.pdb" /Gd /TP /analyze- /errorReport:prompt Main.cpp
         Main.cpp
     1>c:\users\codesmith\documents\visual studio 2013\projects\text_rpg\text_rpg\main.cpp(14): warning C4244: 'argument' : conversion from 'time_t' to 'unsigned int', possible loss of data
     1>c:\users\codesmith\documents\visual studio 2013\projects\text_rpg\text_rpg\main.cpp(26): warning C4244: 'argument' : conversion from 'double' to 'int', possible loss of data
     1>c:\users\codesmith\documents\visual studio 2013\projects\text_rpg\text_rpg\main.cpp(30): warning C4244: 'argument' : conversion from 'double' to 'int', possible loss of data
     1>c:\users\codesmith\documents\visual studio 2013\projects\text_rpg\text_rpg\main.cpp(35): warning C4244: 'argument' : conversion from 'double' to 'int', possible loss of data
       Link:
         C:\Program Files (x86)\Microsoft Visual Studio 12.0\VC\bin\link.exe /ERRORREPORT:PROMPT /OUT:"C:\Users\CodeSmith\documents\visual studio 2013\Projects\TEXT_RPG\Debug\TEXT_RPG.exe" /INCREMENTAL /NOLOGO kernel32.lib user32.lib gdi32.lib winspool.lib comdlg32.lib advapi32.lib shell32.lib ole32.lib oleaut32.lib uuid.lib odbc32.lib odbccp32.lib /MANIFEST /MANIFESTUAC:"level='asInvoker' uiAccess='false'" /manifest:embed /DEBUG /PDB:"C:\Users\CodeSmith\documents\visual studio 2013\Projects\TEXT_RPG\Debug\TEXT_RPG.pdb" /SUBSYSTEM:CONSOLE /TLBID:1 /DYNAMICBASE /NXCOMPAT /IMPLIB:"C:\Users\CodeSmith\documents\visual studio 2013\Projects\TEXT_RPG\Debug\TEXT_RPG.lib" /MACHINE:X86 Debug\Caster.obj
         Debug\Character.obj
         Debug\Game_mechanics.obj
         Debug\Hero.obj
         Debug\Main.obj
         Debug\Map.obj
         Debug\Monster.obj
         Debug\Rogue.obj
         Debug\Warrior.obj
         TEXT_RPG.vcxproj -> C:\Users\CodeSmith\documents\visual studio 2013\Projects\TEXT_RPG\Debug\TEXT_RPG.exe
     1>Done Building Project "C:\Users\CodeSmith\documents\visual studio 2013\Projects\TEXT_RPG\TEXT_RPG\TEXT_RPG.vcxproj" (Build target(s)).

Build succeeded.

Time Elapsed 00:00:00.73
